<?xml version="1.0" encoding="UTF-8"?>
<testng-results skipped="0" failed="0" total="1" passed="1">
  <reporter-output>
  </reporter-output>
  <suite name="Suite" duration-ms="23388" started-at="2019-07-31T09:12:24Z" finished-at="2019-07-31T09:12:48Z">
    <groups>
    </groups>
    <test name="testngTest" duration-ms="23388" started-at="2019-07-31T09:12:24Z" finished-at="2019-07-31T09:12:48Z">
      <class name="com.auto.tests.TC_Registration_01">
        <test-method status="PASS" signature="setUp()[pri:0, instance:com.auto.tests.TC_Registration_01@5e025e70]" name="setUp" is-config="true" duration-ms="4512" started-at="2019-07-31T14:42:20Z" finished-at="2019-07-31T14:42:24Z">
          <reporter-output>
          </reporter-output>
        </test-method> <!-- setUp -->
        <test-method status="PASS" signature="beforeMethod()[pri:0, instance:com.auto.tests.TC_Registration_01@5e025e70]" name="beforeMethod" is-config="true" duration-ms="6730" started-at="2019-07-31T14:42:24Z" finished-at="2019-07-31T14:42:31Z">
          <reporter-output>
          </reporter-output>
        </test-method> <!-- beforeMethod -->
        <test-method status="PASS" signature="registrationShop()[pri:0, instance:com.auto.tests.TC_Registration_01@5e025e70]" name="registrationShop" duration-ms="16641" started-at="2019-07-31T14:42:31Z" finished-at="2019-07-31T14:42:48Z">
          <reporter-output>
          </reporter-output>
        </test-method> <!-- registrationShop -->
        <test-method status="PASS" signature="tearDown()[pri:0, instance:com.auto.tests.TC_Registration_01@5e025e70]" name="tearDown" is-config="true" duration-ms="873" started-at="2019-07-31T14:42:48Z" finished-at="2019-07-31T14:42:49Z">
          <reporter-output>
          </reporter-output>
        </test-method> <!-- tearDown -->
      </class> <!-- com.auto.tests.TC_Registration_01 -->
    </test> <!-- testngTest -->
  </suite> <!-- Suite -->
</testng-results>
